<?xml version="1.0" encoding="UTF-8"?>
<testng-results ignored="0" total="1" passed="1" failed="0" skipped="0">
  <reporter-output>
  </reporter-output>
  <suite started-at="2023-11-30T10:32:21 IST" name="Default suite" finished-at="2023-11-30T10:32:39 IST" duration-ms="18568">
    <groups>
    </groups>
    <test started-at="2023-11-30T10:32:21 IST" name="Default test" finished-at="2023-11-30T10:32:39 IST" duration-ms="18568">
      <class name="day1.Program2Test">
        <test-method signature="test()[pri:0, instance:day1.Program2Test@6f1de4c7]" started-at="2023-11-30T10:32:21 IST" name="test" finished-at="2023-11-30T10:32:39 IST" duration-ms="18430" status="PASS">
          <reporter-output>
          </reporter-output>
        </test-method> <!-- test -->
      </class> <!-- day1.Program2Test -->
    </test> <!-- Default test -->
  </suite> <!-- Default suite -->
</testng-results>
